<?xml version="1.0" encoding="UTF-8"?>
<testsuite xmlns:xsi="http://www.w3.org/2001/XMLSchema-instance" xsi:noNamespaceSchemaLocation="https://maven.apache.org/surefire/maven-surefire-plugin/xsd/surefire-test-report.xsd" version="3.0.2" name="com.getreferral.client.ClientApplicationTests" time="6.023" tests="1" errors="0" skipped="0" failures="0">
  <properties>
[...]
</properties>
  <testcase name="contextLoads" classname="com.getreferral.client.ClientApplicationTests" time="0.891">
    <system-out><![CDATA[23:40:10.338 [main] INFO org.springframework.test.context.support.AnnotationConfigContextLoaderUtils -- Could not detect default configuration classes for test class [com.getreferral.client.ClientApplicationTests]: ClientApplicationTests does not declare any static, non-private, non-final, nested classes annotated with @Configuration.
23:40:10.486 [main] INFO org.springframework.boot.test.context.SpringBootTestContextBootstrapper -- Found @SpringBootConfiguration com.getreferral.client.ClientApplication for test class com.getreferral.client.ClientApplicationTests
23:40:10.698 [main] INFO org.springframework.boot.devtools.restart.RestartApplicationListener -- Restart disabled due to context in which it is running

  .   ____          _            __ _ _
 /\\ / ___'_ __ _ _(_)_ __  __ _ \ \ \ \
( ( )\___ | '_ | '_| | '_ \/ _` | \ \ \ \
 \\/  ___)| |_)| | | | | || (_| |  ) ) ) )
  '  |____| .__|_| |_|_| |_\__, | / / / /
 =========|_|==============|___/=/_/_/_/

 :: Spring Boot ::                (v3.4.1)

2024-12-24T23:40:11.054+05:30  INFO 27840 --- [client] [           main] c.g.client.ClientApplicationTests        : Starting ClientApplicationTests using Java 23.0.1 with PID 27840 (started by itsme in C:\Users\itsme\OneDrive\Documents\getReferralMaster\client)
2024-12-24T23:40:11.055+05:30  INFO 27840 --- [client] [           main] c.g.client.ClientApplicationTests        : No active profile set, falling back to 1 default profile: "default"
2024-12-24T23:40:13.135+05:30  INFO 27840 --- [client] [           main] org.flywaydb.core.FlywayExecutor         : Database: jdbc:mysql://localhost:3306/jdbc_session (MySQL 8.0)
2024-12-24T23:40:13.210+05:30  INFO 27840 --- [client] [           main] o.f.core.internal.command.DbValidate     : Successfully validated 1 migration (execution time 00:00.042s)
2024-12-24T23:40:13.234+05:30  INFO 27840 --- [client] [           main] o.f.core.internal.command.DbMigrate      : Current version of schema `jdbc_session`: 1
2024-12-24T23:40:13.239+05:30  INFO 27840 --- [client] [           main] o.f.core.internal.command.DbMigrate      : Schema `jdbc_session` is up to date. No migration necessary.
2024-12-24T23:40:14.007+05:30  WARN 27840 --- [client] [           main] r$InitializeUserDetailsManagerConfigurer : Global AuthenticationManager configured with an AuthenticationProvider bean. UserDetailsService beans will not be used by Spring Security for automatically configuring username/password login. Consider removing the AuthenticationProvider bean. Alternatively, consider using the UserDetailsService in a manually instantiated DaoAuthenticationProvider. If the current configuration is intentional, to turn off this warning, increase the logging level of 'org.springframework.security.config.annotation.authentication.configuration.InitializeUserDetailsBeanManagerConfigurer' to ERROR
2024-12-24T23:40:15.247+05:30  INFO 27840 --- [client] [           main] c.g.client.ClientApplicationTests        : Started ClientApplicationTests in 4.57 seconds (process running for 5.766)
]]></system-out>
    <system-err><![CDATA[Mockito is currently self-attaching to enable the inline-mock-maker. This will no longer work in future releases of the JDK. Please add Mockito as an agent to your build what is described in Mockito's documentation: https://javadoc.io/doc/org.mockito/mockito-core/latest/org/mockito/Mockito.html#0.3
WARNING: A Java agent has been loaded dynamically (C:\Users\itsme\.m2\repository\net\bytebuddy\byte-buddy-agent\1.15.11\byte-buddy-agent-1.15.11.jar)
WARNING: If a serviceability tool is in use, please run with -XX:+EnableDynamicAgentLoading to hide this warning
WARNING: If a serviceability tool is not in use, please run with -Djdk.instrument.traceUsage for more information
WARNING: Dynamic loading of agents will be disallowed by default in a future release
]]></system-err>
  </testcase>
</testsuite>